\BOOKMARK [1][]{section.1}{Introduction}{}% 1
\BOOKMARK [1][]{section.2}{Conceptual Framework}{}% 2
\BOOKMARK [2][]{subsection.2.1}{Eye Tracking}{section.2}% 3
\BOOKMARK [2][]{subsection.2.2}{Virtual Reality}{section.2}% 4
\BOOKMARK [2][]{subsection.2.3}{Pursuits}{section.2}% 5
\BOOKMARK [1][]{section.3}{Design Space}{}% 6
\BOOKMARK [2][]{subsection.3.1}{User Bound Objects}{section.3}% 7
\BOOKMARK [2][]{subsection.3.2}{World Bound Objects}{section.3}% 8
\BOOKMARK [1][]{section.4}{Implementation}{}% 9
\BOOKMARK [1][]{section.5}{Evaluation}{}% 10
\BOOKMARK [2][]{subsection.5.1}{Trial Study}{section.5}% 11
\BOOKMARK [3][]{subsubsection.5.1.1}{Procedure}{subsection.5.1}% 12
\BOOKMARK [3][]{subsubsection.5.1.2}{Results and Discussion}{subsection.5.1}% 13
\BOOKMARK [2][]{subsection.5.2}{Main Study}{section.5}% 14
\BOOKMARK [3][]{subsubsection.5.2.1}{Abstract Scenario}{subsection.5.2}% 15
\BOOKMARK [3][]{subsubsection.5.2.2}{Use Case Scenario}{subsection.5.2}% 16
\BOOKMARK [2][]{subsection.5.3}{Results}{section.5}% 17
\BOOKMARK [2][]{subsection.5.4}{Discussion}{section.5}% 18
\BOOKMARK [1][]{section.6}{Conclusion}{}% 19
\BOOKMARK [1][]{section.7}{Future Work}{}% 20
