\BOOKMARK [1][]{section.1}{Introduction}{}% 1
\BOOKMARK [1][]{section.2}{Conceptual Framework}{}% 2
\BOOKMARK [2][]{subsection.2.1}{Eye Tracking}{section.2}% 3
\BOOKMARK [3][]{subsubsection.2.1.1}{Pursuits}{subsection.2.1}% 4
\BOOKMARK [2][]{subsection.2.2}{Virtual Reality}{section.2}% 5
\BOOKMARK [2][]{subsection.2.3}{Eye-based interaction in VR}{section.2}% 6
\BOOKMARK [1][]{section.3}{Design Space}{}% 7
\BOOKMARK [2][]{subsection.3.1}{User Bound Objects}{section.3}% 8
\BOOKMARK [2][]{subsection.3.2}{World Bound Objects}{section.3}% 9
\BOOKMARK [1][]{section.4}{Implementation}{}% 10
\BOOKMARK [2][]{subsection.4.1}{Communication with the Eye Tracker}{section.4}% 11
\BOOKMARK [2][]{subsection.4.2}{Interpretation of Gaze Data using Pursuits}{section.4}% 12
\BOOKMARK [2][]{subsection.4.3}{Measurement of the Field of View Wearing a Virtual Reality Headset}{section.4}% 13
\BOOKMARK [1][]{section.5}{Evaluation}{}% 14
\BOOKMARK [2][]{subsection.5.1}{Trial Study}{section.5}% 15
\BOOKMARK [3][]{subsubsection.5.1.1}{Setting}{subsection.5.1}% 16
\BOOKMARK [3][]{subsubsection.5.1.2}{Procedure}{subsection.5.1}% 17
\BOOKMARK [3][]{subsubsection.5.1.3}{Results and Discussion}{subsection.5.1}% 18
\BOOKMARK [2][]{subsection.5.2}{Main Study}{section.5}% 19
\BOOKMARK [3][]{subsubsection.5.2.1}{Abstract Scenario}{subsection.5.2}% 20
\BOOKMARK [3][]{subsubsection.5.2.2}{Use Case Scenario}{subsection.5.2}% 21
\BOOKMARK [3][]{subsubsection.5.2.3}{Objective Results}{subsection.5.2}% 22
\BOOKMARK [3][]{subsubsection.5.2.4}{Subjective Results}{subsection.5.2}% 23
\BOOKMARK [3][]{subsubsection.5.2.5}{Discussion}{subsection.5.2}% 24
\BOOKMARK [2][]{subsection.5.3}{Follow-Up Study}{section.5}% 25
\BOOKMARK [3][]{subsubsection.5.3.1}{Results and Discussion}{subsection.5.3}% 26
\BOOKMARK [1][]{section.6}{Conclusion}{}% 27
\BOOKMARK [1][]{section.7}{Limitations and Future Work}{}% 28
