This is pdfTeX, Version 3.14159265-2.6-1.40.17 (MiKTeX 2.9.6210 64-bit) (preloaded format=pdflatex 2017.4.12)  7 JUN 2017 14:03
entering extended mode
**./PursuitsInVR.tex
(PursuitsInVR.tex
LaTeX2e <2017/01/01> patch level 1
Babel <3.9r> and hyphenation patterns for 75 language(s) loaded.
(D:\Programme\MikTEX\tex\latex\base\article.cls
Document Class: article 2014/09/29 v1.4h Standard LaTeX document class
(D:\Programme\MikTEX\tex\latex\base\size11.clo
File: size11.clo 2014/09/29 v1.4h Standard LaTeX file (size option)
)
\c@part=\count79
\c@section=\count80
\c@subsection=\count81
\c@subsubsection=\count82
\c@paragraph=\count83
\c@subparagraph=\count84
\c@figure=\count85
\c@table=\count86
\abovecaptionskip=\skip41
\belowcaptionskip=\skip42
\bibindent=\dimen102
)
(D:\Programme\MikTEX\tex\latex\base\fontenc.sty
Package: fontenc 2017/01/24 v2.0c Standard LaTeX package

(D:\Programme\MikTEX\tex\latex\base\t1enc.def
File: t1enc.def 2017/01/24 v2.0c Standard LaTeX file
LaTeX Font Info:    Redeclaring font encoding T1 on input line 48.
))
(D:\Programme\MikTEX\tex\latex\base\inputenc.sty
Package: inputenc 2015/03/17 v1.2c Input encoding file
\inpenc@prehook=\toks14
\inpenc@posthook=\toks15

(D:\Programme\MikTEX\tex\latex\base\latin1.def
File: latin1.def 2015/03/17 v1.2c Input encoding file
))
(D:\Programme\MikTEX\tex\generic\babel\babel.sty
Package: babel 2016/04/23 3.9r The Babel package

*************************************
* Local config file bblopts.cfg used
*
("C:\Users\Carsten F\AppData\Roaming\MiKTeX\2.9\tex\latex\arabi\bblopts.cfg"
File: bblopts.cfg 2005/09/08 v0.1 add Arabic and Farsi to "declared" options of
 babel
)
(D:\Programme\MikTEX\tex\latex\babel-german\ngerman.ldf
Language: ngerman 2016/11/02 v2.9 German support for babel (new orthography)

(D:\Programme\MikTEX\tex\latex\babel-german\ngermanb.ldf
Language: ngermanb 2016/11/02 v2.9 German support for babel (new orthography)

(D:\Programme\MikTEX\tex\generic\babel\babel.def
File: babel.def 2016/04/23 3.9r Babel common definitions
\babel@savecnt=\count87
\U@D=\dimen103
)
Package babel Info: Making " an active character on input line 125.
))
(D:\Programme\MikTEX\tex\latex\babel-english\english.ldf
Language: english 2017/01/24 v3.3q English support from the babel system
\l@canadian = a dialect from \language\l@american 
\l@australian = a dialect from \language\l@british 
\l@newzealand = a dialect from \language\l@british 
))
(D:\Programme\MikTEX\tex\latex\psnfss\mathptmx.sty
Package: mathptmx 2005/04/12 PSNFSS-v9.2a Times w/ Math, improved (SPQR, WaS) 
LaTeX Font Info:    Redeclaring symbol font `operators' on input line 28.
LaTeX Font Info:    Overwriting symbol font `operators' in version `normal'
(Font)                  OT1/cmr/m/n --> OT1/ztmcm/m/n on input line 28.
LaTeX Font Info:    Overwriting symbol font `operators' in version `bold'
(Font)                  OT1/cmr/bx/n --> OT1/ztmcm/m/n on input line 28.
LaTeX Font Info:    Redeclaring symbol font `letters' on input line 29.
LaTeX Font Info:    Overwriting symbol font `letters' in version `normal'
(Font)                  OML/cmm/m/it --> OML/ztmcm/m/it on input line 29.
LaTeX Font Info:    Overwriting symbol font `letters' in version `bold'
(Font)                  OML/cmm/b/it --> OML/ztmcm/m/it on input line 29.
LaTeX Font Info:    Redeclaring symbol font `symbols' on input line 30.
LaTeX Font Info:    Overwriting symbol font `symbols' in version `normal'
(Font)                  OMS/cmsy/m/n --> OMS/ztmcm/m/n on input line 30.
LaTeX Font Info:    Overwriting symbol font `symbols' in version `bold'
(Font)                  OMS/cmsy/b/n --> OMS/ztmcm/m/n on input line 30.
LaTeX Font Info:    Redeclaring symbol font `largesymbols' on input line 31.
LaTeX Font Info:    Overwriting symbol font `largesymbols' in version `normal'
(Font)                  OMX/cmex/m/n --> OMX/ztmcm/m/n on input line 31.
LaTeX Font Info:    Overwriting symbol font `largesymbols' in version `bold'
(Font)                  OMX/cmex/m/n --> OMX/ztmcm/m/n on input line 31.
\symbold=\mathgroup4
\symitalic=\mathgroup5
LaTeX Font Info:    Redeclaring math alphabet \mathbf on input line 34.
LaTeX Font Info:    Overwriting math alphabet `\mathbf' in version `normal'
(Font)                  OT1/cmr/bx/n --> OT1/ptm/bx/n on input line 34.
LaTeX Font Info:    Overwriting math alphabet `\mathbf' in version `bold'
(Font)                  OT1/cmr/bx/n --> OT1/ptm/bx/n on input line 34.
LaTeX Font Info:    Redeclaring math alphabet \mathit on input line 35.
LaTeX Font Info:    Overwriting math alphabet `\mathit' in version `normal'
(Font)                  OT1/cmr/m/it --> OT1/ptm/m/it on input line 35.
LaTeX Font Info:    Overwriting math alphabet `\mathit' in version `bold'
(Font)                  OT1/cmr/bx/it --> OT1/ptm/m/it on input line 35.
LaTeX Info: Redefining \hbar on input line 50.
)
(D:\Programme\MikTEX\tex\latex\graphics\color.sty
Package: color 2016/07/10 v1.1e Standard LaTeX Color (DPC)

(D:\Programme\MikTEX\tex\latex\graphics-cfg\color.cfg
File: color.cfg 2016/01/02 v1.6 sample color configuration
)
Package color Info: Driver file: pdftex.def on input line 147.

(D:\Programme\MikTEX\tex\latex\graphics-def\pdftex.def
File: pdftex.def 2017/01/12 v0.06k Graphics/color for pdfTeX

(D:\Programme\MikTEX\tex\generic\oberdiek\infwarerr.sty
Package: infwarerr 2016/05/16 v1.4 Providing info/warning/error messages (HO)
)
(D:\Programme\MikTEX\tex\generic\oberdiek\ltxcmds.sty
Package: ltxcmds 2016/05/16 v1.23 LaTeX kernel commands for general use (HO)
)
\Gread@gobject=\count88
))
(D:\Programme\MikTEX\tex\latex\hyperref\hyperref.sty
Package: hyperref 2016/06/24 v6.83q Hypertext links for LaTeX

(D:\Programme\MikTEX\tex\generic\oberdiek\hobsub-hyperref.sty
Package: hobsub-hyperref 2016/05/16 v1.14 Bundle oberdiek, subset hyperref (HO)


(D:\Programme\MikTEX\tex\generic\oberdiek\hobsub-generic.sty
Package: hobsub-generic 2016/05/16 v1.14 Bundle oberdiek, subset generic (HO)
Package: hobsub 2016/05/16 v1.14 Construct package bundles (HO)
Package hobsub Info: Skipping package `infwarerr' (already loaded).
Package hobsub Info: Skipping package `ltxcmds' (already loaded).
Package: ifluatex 2016/05/16 v1.4 Provides the ifluatex switch (HO)
Package ifluatex Info: LuaTeX not detected.
Package: ifvtex 2016/05/16 v1.6 Detect VTeX and its facilities (HO)
Package ifvtex Info: VTeX not detected.
Package: intcalc 2016/05/16 v1.2 Expandable calculations with integers (HO)
Package: ifpdf 2016/05/14 v3.1 Provides the ifpdf switch
Package: etexcmds 2016/05/16 v1.6 Avoid name clashes with e-TeX commands (HO)
Package etexcmds Info: Could not find \expanded.
(etexcmds)             That can mean that you are not using pdfTeX 1.50 or
(etexcmds)             that some package has redefined \expanded.
(etexcmds)             In the latter case, load this package earlier.
Package: kvsetkeys 2016/05/16 v1.17 Key value parser (HO)
Package: kvdefinekeys 2016/05/16 v1.4 Define keys (HO)
Package: pdftexcmds 2016/05/21 v0.22 Utility functions of pdfTeX for LuaTeX (HO
)
Package pdftexcmds Info: LuaTeX not detected.
Package pdftexcmds Info: \pdf@primitive is available.
Package pdftexcmds Info: \pdf@ifprimitive is available.
Package pdftexcmds Info: \pdfdraftmode found.
Package: pdfescape 2016/05/16 v1.14 Implements pdfTeX's escape features (HO)
Package: bigintcalc 2016/05/16 v1.4 Expandable calculations on big integers (HO
)
Package: bitset 2016/05/16 v1.2 Handle bit-vector datatype (HO)
Package: uniquecounter 2016/05/16 v1.3 Provide unlimited unique counter (HO)
)
Package hobsub Info: Skipping package `hobsub' (already loaded).
Package: letltxmacro 2016/05/16 v1.5 Let assignment for LaTeX macros (HO)
Package: hopatch 2016/05/16 v1.3 Wrapper for package hooks (HO)
Package: xcolor-patch 2016/05/16 xcolor patch
Package: atveryend 2016/05/16 v1.9 Hooks at the very end of document (HO)
Package atveryend Info: \enddocument detected (standard20110627).
Package: atbegshi 2016/06/09 v1.18 At begin shipout hook (HO)
Package: refcount 2016/05/16 v3.5 Data extraction from label references (HO)
Package: hycolor 2016/05/16 v1.8 Color options for hyperref/bookmark (HO)
)
(D:\Programme\MikTEX\tex\latex\graphics\keyval.sty
Package: keyval 2014/10/28 v1.15 key=value parser (DPC)
\KV@toks@=\toks16
)
(D:\Programme\MikTEX\tex\generic\ifxetex\ifxetex.sty
Package: ifxetex 2010/09/12 v0.6 Provides ifxetex conditional
)
(D:\Programme\MikTEX\tex\latex\oberdiek\auxhook.sty
Package: auxhook 2016/05/16 v1.4 Hooks for auxiliary files (HO)
)
(D:\Programme\MikTEX\tex\latex\oberdiek\kvoptions.sty
Package: kvoptions 2016/05/16 v3.12 Key value format for package options (HO)
)
\@linkdim=\dimen104
\Hy@linkcounter=\count89
\Hy@pagecounter=\count90

(D:\Programme\MikTEX\tex\latex\hyperref\pd1enc.def
File: pd1enc.def 2016/06/24 v6.83q Hyperref: PDFDocEncoding definition (HO)
)
\Hy@SavedSpaceFactor=\count91

(D:\Programme\MikTEX\tex\latex\00miktex\hyperref.cfg
File: hyperref.cfg 2002/06/06 v1.2 hyperref configuration of TeXLive
)
Package hyperref Info: Option `plainpages' set `false' on input line 4362.
Package hyperref Info: Option `bookmarks' set `true' on input line 4362.
Package hyperref Info: Option `bookmarksopen' set `true' on input line 4362.
Package hyperref Info: Option `colorlinks' set `false' on input line 4362.
Package hyperref Info: Hyper figures OFF on input line 4486.
Package hyperref Info: Link nesting OFF on input line 4491.
Package hyperref Info: Hyper index ON on input line 4494.
Package hyperref Info: Plain pages OFF on input line 4501.
Package hyperref Info: Backreferencing OFF on input line 4506.
Package hyperref Info: Implicit mode ON; LaTeX internals redefined.
Package hyperref Info: Bookmarks ON on input line 4735.
\c@Hy@tempcnt=\count92

("C:\Users\Carsten F\AppData\Roaming\MiKTeX\2.9\tex\latex\url\url.sty"
\Urlmuskip=\muskip10
Package: url 2013/09/16  ver 3.4  Verb mode for urls, etc.
)
LaTeX Info: Redefining \url on input line 5088.
\XeTeXLinkMargin=\dimen105
\Fld@menulength=\count93
\Field@Width=\dimen106
\Fld@charsize=\dimen107
Package hyperref Info: Hyper figures OFF on input line 6342.
Package hyperref Info: Link nesting OFF on input line 6347.
Package hyperref Info: Hyper index ON on input line 6350.
Package hyperref Info: backreferencing OFF on input line 6357.
Package hyperref Info: Link coloring OFF on input line 6362.
Package hyperref Info: Link coloring with OCG OFF on input line 6367.
Package hyperref Info: PDF/A mode OFF on input line 6372.
LaTeX Info: Redefining \ref on input line 6412.
LaTeX Info: Redefining \pageref on input line 6416.
\Hy@abspage=\count94
\c@Item=\count95
\c@Hfootnote=\count96
)

Package hyperref Message: Driver (autodetected): hpdftex.

(D:\Programme\MikTEX\tex\latex\hyperref\hpdftex.def
File: hpdftex.def 2016/06/24 v6.83q Hyperref driver for pdfTeX
\Fld@listcount=\count97
\c@bookmark@seq@number=\count98

(D:\Programme\MikTEX\tex\latex\oberdiek\rerunfilecheck.sty
Package: rerunfilecheck 2016/05/16 v1.8 Rerun checks for auxiliary files (HO)
Package uniquecounter Info: New unique counter `rerunfilecheck' on input line 2
82.
)
\Hy@SectionHShift=\skip43
)
(D:\Programme\MikTEX\tex\latex\graphics\graphicx.sty
Package: graphicx 2014/10/28 v1.0g Enhanced LaTeX Graphics (DPC,SPQR)

(D:\Programme\MikTEX\tex\latex\graphics\graphics.sty
Package: graphics 2016/10/09 v1.0u Standard LaTeX Graphics (DPC,SPQR)

(D:\Programme\MikTEX\tex\latex\graphics\trig.sty
Package: trig 2016/01/03 v1.10 sin cos tan (DPC)
)
(D:\Programme\MikTEX\tex\latex\graphics-cfg\graphics.cfg
File: graphics.cfg 2016/06/04 v1.11 sample graphics configuration
)
Package graphics Info: Driver file: pdftex.def on input line 99.
)
\Gin@req@height=\dimen108
\Gin@req@width=\dimen109
)
("C:\Users\Carsten F\AppData\Roaming\MiKTeX\2.9\tex\latex\biblatex\biblatex.sty
"
Package: biblatex 2016/12/05 v3.7 programmable bibliographies (PK/JW/AB)

("C:\Users\Carsten F\AppData\Roaming\MiKTeX\2.9\tex\latex\etoolbox\etoolbox.sty
"
Package: etoolbox 2017/01/02 v2.4 e-TeX tools for LaTeX (JAW)
\etb@tempcnta=\count99
) ("C:\Users\Carsten F\AppData\Roaming\MiKTeX\2.9\tex\latex\logreq\logreq.sty"
Package: logreq 2010/08/04 v1.0 xml request logger
\lrq@indent=\count100
("C:\Users\Carsten F\AppData\Roaming\MiKTeX\2.9\tex\latex\logreq\logreq.def"
File: logreq.def 2010/08/04 v1.0 logreq spec v1.0
))
(D:\Programme\MikTEX\tex\latex\base\ifthen.sty
Package: ifthen 2014/09/29 v1.1c Standard LaTeX ifthen package (DPC)
)
("C:\Users\Carsten F\AppData\Roaming\MiKTeX\2.9\tex\latex\xstring\xstring.sty"
("C:\Users\Carsten F\AppData\Roaming\MiKTeX\2.9\tex\generic\xstring\xstring.tex
"
\@xs@message=\write3
\integerpart=\count101
\decimalpart=\count102
)
Package: xstring 2013/10/13  v1.7c  String manipulations (C Tellechea)
)
\c@tabx@nest=\count103
\c@listtotal=\count104
\c@listcount=\count105
\c@liststart=\count106
\c@liststop=\count107
\c@citecount=\count108
\c@citetotal=\count109
\c@multicitecount=\count110
\c@multicitetotal=\count111
\c@instcount=\count112
\c@maxnames=\count113
\c@minnames=\count114
\c@maxitems=\count115
\c@minitems=\count116
\c@citecounter=\count117
\c@savedcitecounter=\count118
\c@uniquelist=\count119
\c@uniquename=\count120
\c@refsection=\count121
\c@refsegment=\count122
\c@maxextratitle=\count123
\c@maxextratitleyear=\count124
\c@maxextrayear=\count125
\c@maxextraalpha=\count126
\c@abbrvpenalty=\count127
\c@highnamepenalty=\count128
\c@lownamepenalty=\count129
\c@maxparens=\count130
\c@parenlevel=\count131
\blx@tempcnta=\count132
\blx@tempcntb=\count133
\blx@tempcntc=\count134
\blx@maxsection=\count135
\blx@maxsegment@0=\count136
\blx@notetype=\count137
\blx@parenlevel@text=\count138
\blx@parenlevel@foot=\count139
\blx@sectionciteorder@0=\count140
\labelnumberwidth=\skip44
\labelalphawidth=\skip45
\biblabelsep=\skip46
\bibitemsep=\skip47
\bibnamesep=\skip48
\bibinitsep=\skip49
\bibparsep=\skip50
\bibhang=\skip51
\blx@bcfin=\read1
\blx@bcfout=\write4
\c@mincomprange=\count141
\c@maxcomprange=\count142
\c@mincompwidth=\count143
Package biblatex Info: Trying to load biblatex default data model...
Package biblatex Info: ... file 'blx-dm.def' found.

("C:\Users\Carsten F\AppData\Roaming\MiKTeX\2.9\tex\latex\biblatex\blx-dm.def")
Package biblatex Info: Trying to load biblatex custom data model...
Package biblatex Info: ... file 'biblatex-dm.cfg' not found.
\c@afterword=\count144
\c@savedafterword=\count145
\c@annotator=\count146
\c@savedannotator=\count147
\c@author=\count148
\c@savedauthor=\count149
\c@bookauthor=\count150
\c@savedbookauthor=\count151
\c@commentator=\count152
\c@savedcommentator=\count153
\c@editor=\count154
\c@savededitor=\count155
\c@editora=\count156
\c@savededitora=\count157
\c@editorb=\count158
\c@savededitorb=\count159
\c@editorc=\count160
\c@savededitorc=\count161
\c@foreword=\count162
\c@savedforeword=\count163
\c@holder=\count164
\c@savedholder=\count165
\c@introduction=\count166
\c@savedintroduction=\count167
\c@namea=\count168
\c@savednamea=\count169
\c@nameb=\count170
\c@savednameb=\count171
\c@namec=\count172
\c@savednamec=\count173
\c@translator=\count174
\c@savedtranslator=\count175
\c@shortauthor=\count176
\c@savedshortauthor=\count177
\c@shorteditor=\count178
\c@savedshorteditor=\count179
\c@labelname=\count180
\c@savedlabelname=\count181
\c@institution=\count182
\c@savedinstitution=\count183
\c@lista=\count184
\c@savedlista=\count185
\c@listb=\count186
\c@savedlistb=\count187
\c@listc=\count188
\c@savedlistc=\count189
\c@listd=\count190
\c@savedlistd=\count191
\c@liste=\count192
\c@savedliste=\count193
\c@listf=\count194
\c@savedlistf=\count195
\c@location=\count196
\c@savedlocation=\count197
\c@organization=\count198
\c@savedorganization=\count199
\c@origlocation=\count266
\c@savedoriglocation=\count267
\c@origpublisher=\count268
\c@savedorigpublisher=\count269
\c@publisher=\count270
\c@savedpublisher=\count271
\c@language=\count272
\c@savedlanguage=\count273
\c@pageref=\count274
\c@savedpageref=\count275
\shorthandwidth=\skip52
\shortjournalwidth=\skip53
\shortserieswidth=\skip54
\shorttitlewidth=\skip55
\shortauthorwidth=\skip56
\shorteditorwidth=\skip57
Package biblatex Info: Trying to load compatibility code...
Package biblatex Info: ... file 'blx-compat.def' found.

("C:\Users\Carsten F\AppData\Roaming\MiKTeX\2.9\tex\latex\biblatex\blx-compat.d
ef"
File: blx-compat.def 2016/12/05 v3.7 biblatex compatibility (PK/JW/AB)
)
Package biblatex Info: Trying to load generic definitions...
Package biblatex Info: ... file 'biblatex.def' found.

("C:\Users\Carsten F\AppData\Roaming\MiKTeX\2.9\tex\latex\biblatex\biblatex.def
"
File: biblatex.def 2016/12/05 v3.7 biblatex compatibility (PK/JW/AB)
\c@textcitecount=\count276
\c@textcitetotal=\count277
\c@textcitemaxnames=\count278
\c@biburlnumpenalty=\count279
\c@biburlucpenalty=\count280
\c@biburllcpenalty=\count281
\c@smartand=\count282
)
Package biblatex Info: Trying to load bibliography style 'numeric'...
Package biblatex Info: ... file 'numeric.bbx' found.

("C:\Users\Carsten F\AppData\Roaming\MiKTeX\2.9\tex\latex\biblatex\bbx\numeric.
bbx"
File: numeric.bbx 2016/12/05 v3.7 biblatex bibliography style (PK/JW/AB)
Package biblatex Info: Trying to load bibliography style 'standard'...
Package biblatex Info: ... file 'standard.bbx' found.

("C:\Users\Carsten F\AppData\Roaming\MiKTeX\2.9\tex\latex\biblatex\bbx\standard
.bbx"
File: standard.bbx 2016/12/05 v3.7 biblatex bibliography style (PK/JW/AB)
\c@bbx:relatedcount=\count283
\c@bbx:relatedtotal=\count284
))
Package biblatex Info: Trying to load citation style 'numeric'...
Package biblatex Info: ... file 'numeric.cbx' found.

("C:\Users\Carsten F\AppData\Roaming\MiKTeX\2.9\tex\latex\biblatex\cbx\numeric.
cbx"
File: numeric.cbx 2016/12/05 v3.7 biblatex citation style (PK/JW/AB)
Package biblatex Info: Redefining '\cite'.
Package biblatex Info: Redefining '\parencite'.
Package biblatex Info: Redefining '\footcite'.
Package biblatex Info: Redefining '\footcitetext'.
Package biblatex Info: Redefining '\smartcite'.
Package biblatex Info: Redefining '\supercite'.
Package biblatex Info: Redefining '\textcite'.
Package biblatex Info: Redefining '\textcites'.
Package biblatex Info: Redefining '\cites'.
Package biblatex Info: Redefining '\parencites'.
Package biblatex Info: Redefining '\smartcites'.
)
Package biblatex Info: Trying to load configuration file...
Package biblatex Info: ... file 'biblatex.cfg' found.

("C:\Users\Carsten F\AppData\Roaming\MiKTeX\2.9\tex\latex\biblatex\biblatex.cfg
"
File: biblatex.cfg 
)) (D:\Programme\MikTEX\tex\latex\amsmath\amsmath.sty
Package: amsmath 2016/11/05 v2.16a AMS math features
\@mathmargin=\skip58

For additional information on amsmath, use the `?' option.
(D:\Programme\MikTEX\tex\latex\amsmath\amstext.sty
Package: amstext 2000/06/29 v2.01 AMS text

(D:\Programme\MikTEX\tex\latex\amsmath\amsgen.sty
File: amsgen.sty 1999/11/30 v2.0 generic functions
\@emptytoks=\toks17
\ex@=\dimen110
))
(D:\Programme\MikTEX\tex\latex\amsmath\amsbsy.sty
Package: amsbsy 1999/11/29 v1.2d Bold Symbols
\pmbraise@=\dimen111
)
(D:\Programme\MikTEX\tex\latex\amsmath\amsopn.sty
Package: amsopn 2016/03/08 v2.02 operator names
)
\inf@bad=\count285
LaTeX Info: Redefining \frac on input line 213.
\uproot@=\count286
\leftroot@=\count287
LaTeX Info: Redefining \overline on input line 375.
\classnum@=\count288
\DOTSCASE@=\count289
LaTeX Info: Redefining \ldots on input line 472.
LaTeX Info: Redefining \dots on input line 475.
LaTeX Info: Redefining \cdots on input line 596.
\Mathstrutbox@=\box26
\strutbox@=\box27
\big@size=\dimen112
LaTeX Font Info:    Redeclaring font encoding OML on input line 712.
LaTeX Font Info:    Redeclaring font encoding OMS on input line 713.
\macc@depth=\count290
\c@MaxMatrixCols=\count291
\dotsspace@=\muskip11
\c@parentequation=\count292
\dspbrk@lvl=\count293
\tag@help=\toks18
\row@=\count294
\column@=\count295
\maxfields@=\count296
\andhelp@=\toks19
\eqnshift@=\dimen113
\alignsep@=\dimen114
\tagshift@=\dimen115
\tagwidth@=\dimen116
\totwidth@=\dimen117
\lineht@=\dimen118
\@envbody=\toks20
\multlinegap=\skip59
\multlinetaggap=\skip60
\mathdisplay@stack=\toks21
LaTeX Info: Redefining \[ on input line 2817.
LaTeX Info: Redefining \] on input line 2818.
)
("C:\Users\Carsten F\AppData\Roaming\MiKTeX\2.9\tex\latex\fancyhdr\fancyhdr.sty
"
Package: fancyhdr 2016/09/06 3.8 Extensive control of page headers and footers
\fancy@headwidth=\skip61
\f@ncyO@elh=\skip62
\f@ncyO@erh=\skip63
\f@ncyO@olh=\skip64
\f@ncyO@orh=\skip65
\f@ncyO@elf=\skip66
\f@ncyO@erf=\skip67
\f@ncyO@olf=\skip68
\f@ncyO@orf=\skip69
)
Package biblatex Info: Trying to load language 'english'...
Package biblatex Info: ... file 'english.lbx' found.

("C:\Users\Carsten F\AppData\Roaming\MiKTeX\2.9\tex\latex\biblatex\lbx\english.
lbx"
File: english.lbx 2016/12/05 v3.7 biblatex localization (PK/JW/AB)
)
Package biblatex Info: Trying to load language 'ngerman'...
Package biblatex Info: ... file 'ngerman.lbx' found.

("C:\Users\Carsten F\AppData\Roaming\MiKTeX\2.9\tex\latex\biblatex\lbx\ngerman.
lbx"
File: ngerman.lbx 2016/12/05 v3.7 biblatex localization (PK/JW/AB)
Package biblatex Info: Trying to load language 'german'...
Package biblatex Info: ... file 'german.lbx' found.

("C:\Users\Carsten F\AppData\Roaming\MiKTeX\2.9\tex\latex\biblatex\lbx\german.l
bx"
File: german.lbx 2016/12/05 v3.7 biblatex localization (PK/JW/AB)
))

Package biblatex Warning: 'babel/polyglossia' detected but 'csquotes' missing.
(biblatex)                Loading 'csquotes' recommended.

\@quotelevel=\count297
\@quotereset=\count298
(PursuitsInVR.aux)
\openout1 = `PursuitsInVR.aux'.

LaTeX Font Info:    Checking defaults for OML/cmm/m/it on input line 60.
LaTeX Font Info:    ... okay on input line 60.
LaTeX Font Info:    Checking defaults for T1/cmr/m/n on input line 60.
LaTeX Font Info:    ... okay on input line 60.
LaTeX Font Info:    Checking defaults for OT1/cmr/m/n on input line 60.
LaTeX Font Info:    ... okay on input line 60.
LaTeX Font Info:    Checking defaults for OMS/cmsy/m/n on input line 60.
LaTeX Font Info:    ... okay on input line 60.
LaTeX Font Info:    Checking defaults for OMX/cmex/m/n on input line 60.
LaTeX Font Info:    ... okay on input line 60.
LaTeX Font Info:    Checking defaults for U/cmr/m/n on input line 60.
LaTeX Font Info:    ... okay on input line 60.
LaTeX Font Info:    Checking defaults for PD1/pdf/m/n on input line 60.
LaTeX Font Info:    ... okay on input line 60.
LaTeX Font Info:    Try loading font information for T1+ptm on input line 60.
 (D:\Programme\MikTEX\tex\latex\psnfss\t1ptm.fd
File: t1ptm.fd 2001/06/04 font definitions for T1/ptm.
)
("C:\Users\Carsten F\AppData\Roaming\MiKTeX\2.9\tex\context\base\supp-pdf.mkii"
[Loading MPS to PDF converter (version 2006.09.02).]
\scratchcounter=\count299
\scratchdimen=\dimen119
\scratchbox=\box28
\nofMPsegments=\count300
\nofMParguments=\count301
\everyMPshowfont=\toks22
\MPscratchCnt=\count302
\MPscratchDim=\dimen120
\MPnumerator=\count303
\makeMPintoPDFobject=\count304
\everyMPtoPDFconversion=\toks23
) (D:\Programme\MikTEX\tex\latex\oberdiek\epstopdf-base.sty
Package: epstopdf-base 2016/05/15 v2.6 Base part for package epstopdf

(D:\Programme\MikTEX\tex\latex\oberdiek\grfext.sty
Package: grfext 2016/05/16 v1.2 Manage graphics extensions (HO)
)
Package epstopdf-base Info: Redefining graphics rule for `.eps' on input line 4
38.
Package grfext Info: Graphics extension search list:
(grfext)             [.png,.pdf,.jpg,.mps,.jpeg,.jbig2,.jb2,.PNG,.PDF,.JPG,.JPE
G,.JBIG2,.JB2,.eps]
(grfext)             \AppendGraphicsExtensions on input line 456.
)
\AtBeginShipoutBox=\box29
Package hyperref Info: Link coloring OFF on input line 60.

(D:\Programme\MikTEX\tex\latex\hyperref\nameref.sty
Package: nameref 2016/05/21 v2.44 Cross-referencing by name of section

(D:\Programme\MikTEX\tex\generic\oberdiek\gettitlestring.sty
Package: gettitlestring 2016/05/16 v1.5 Cleanup title references (HO)
)
\c@section@level=\count305
)
LaTeX Info: Redefining \ref on input line 60.
LaTeX Info: Redefining \pageref on input line 60.
LaTeX Info: Redefining \nameref on input line 60.

(PursuitsInVR.out) (PursuitsInVR.out)
\@outlinefile=\write5
\openout5 = `PursuitsInVR.out'.

Package biblatex Info: Input encoding 'latin1' detected.
Package biblatex Info: Automatic encoding selection.
(biblatex)             Assuming data encoding 'latin1'.
\openout4 = `PursuitsInVR.bcf'.

Package biblatex Info: Trying to load bibliographic data...
Package biblatex Info: ... file 'PursuitsInVR.bbl' found.
 (PursuitsInVR.bbl)
Package biblatex Info: Reference section=0 on input line 60.
Package biblatex Info: Reference segment=0 on input line 60.
LaTeX Font Info:    Font shape `T1/ptm/bx/n' in size <12> not available
(Font)              Font shape `T1/ptm/b/n' tried instead on input line 72.
LaTeX Font Info:    Try loading font information for OT1+ztmcm on input line 81
.

(D:\Programme\MikTEX\tex\latex\psnfss\ot1ztmcm.fd
File: ot1ztmcm.fd 2000/01/03 Fontinst v1.801 font definitions for OT1/ztmcm.
)
LaTeX Font Info:    Try loading font information for OML+ztmcm on input line 81
.

(D:\Programme\MikTEX\tex\latex\psnfss\omlztmcm.fd
File: omlztmcm.fd 2000/01/03 Fontinst v1.801 font definitions for OML/ztmcm.
)
LaTeX Font Info:    Try loading font information for OMS+ztmcm on input line 81
.

(D:\Programme\MikTEX\tex\latex\psnfss\omsztmcm.fd
File: omsztmcm.fd 2000/01/03 Fontinst v1.801 font definitions for OMS/ztmcm.
)
LaTeX Font Info:    Try loading font information for OMX+ztmcm on input line 81
.

(D:\Programme\MikTEX\tex\latex\psnfss\omxztmcm.fd
File: omxztmcm.fd 2000/01/03 Fontinst v1.801 font definitions for OMX/ztmcm.
)
LaTeX Font Info:    Try loading font information for OT1+ptm on input line 81.

(D:\Programme\MikTEX\tex\latex\psnfss\ot1ptm.fd
File: ot1ptm.fd 2001/06/04 font definitions for OT1/ptm.
)
LaTeX Font Info:    Font shape `OT1/ptm/bx/n' in size <10.95> not available
(Font)              Font shape `OT1/ptm/b/n' tried instead on input line 81.
LaTeX Font Info:    Font shape `OT1/ptm/bx/n' in size <8> not available
(Font)              Font shape `OT1/ptm/b/n' tried instead on input line 81.
LaTeX Font Info:    Font shape `OT1/ptm/bx/n' in size <6> not available
(Font)              Font shape `OT1/ptm/b/n' tried instead on input line 81.
 [1

{C:/Users/Carsten F/AppData/Local/MiKTeX/2.9/pdftex/config/pdftex.map}]
LaTeX Font Info:    Font shape `T1/ptm/bx/n' in size <14.4> not available
(Font)              Font shape `T1/ptm/b/n' tried instead on input line 90.
Package babel Info: Redefining ngerman shorthand "|
(babel)             in language  on input line 100.
Package babel Info: Redefining ngerman shorthand "~
(babel)             in language  on input line 100.
Package babel Info: Redefining ngerman shorthand "|
(babel)             in language  on input line 100.
Package babel Info: Redefining ngerman shorthand "~
(babel)             in language  on input line 100.
 [2

]
Package babel Info: Redefining ngerman shorthand "|
(babel)             in language  on input line 121.
Package babel Info: Redefining ngerman shorthand "~
(babel)             in language  on input line 121.
Package babel Info: Redefining ngerman shorthand "|
(babel)             in language  on input line 121.
Package babel Info: Redefining ngerman shorthand "~
(babel)             in language  on input line 121.
 [3

]
Package babel Info: Redefining ngerman shorthand "|
(babel)             in language  on input line 121.
Package babel Info: Redefining ngerman shorthand "~
(babel)             in language  on input line 121.
Package babel Info: Redefining ngerman shorthand "|
(babel)             in language  on input line 121.
Package babel Info: Redefining ngerman shorthand "~
(babel)             in language  on input line 121.
 [4

] (PursuitsInVR.toc
LaTeX Font Info:    Font shape `T1/ptm/bx/n' in size <10.95> not available
(Font)              Font shape `T1/ptm/b/n' tried instead on input line 11.
)
\tf@toc=\write6
\openout6 = `PursuitsInVR.toc'.

Package babel Info: Redefining ngerman shorthand "|
(babel)             in language  on input line 134.
Package babel Info: Redefining ngerman shorthand "~
(babel)             in language  on input line 134.
Package babel Info: Redefining ngerman shorthand "|
(babel)             in language  on input line 134.
Package babel Info: Redefining ngerman shorthand "~
(babel)             in language  on input line 134.

[1]
Package babel Info: Redefining ngerman shorthand "|
(babel)             in language  on input line 134.
Package babel Info: Redefining ngerman shorthand "~
(babel)             in language  on input line 134.
Package babel Info: Redefining ngerman shorthand "|
(babel)             in language  on input line 134.
Package babel Info: Redefining ngerman shorthand "~
(babel)             in language  on input line 134.
 [2

] [1] [2

] [3] [4

] [5] [6

] <FOV1.png, id=204, 622.9674pt x 442.2924pt>
File: FOV1.png Graphic file (type png)

<use FOV1.png>
Package pdftex.def Info: FOV1.png used on input line 192.
(pdftex.def)             Requested size: 320.60841pt x 227.62204pt.
 <FOV2.png, id=208, 689.57625pt x 472.76625pt>
File: FOV2.png Graphic file (type png)
 <use FOV2.png>
Package pdftex.def Info: FOV2.png used on input line 230.
(pdftex.def)             Requested size: 249.00484pt x 170.71652pt.

[7] [8 <./FOV1.png>] [9 <./FOV2.png>] [10

]
LaTeX Font Info:    Font shape `T1/ptm/bx/it' in size <10.95> not available
(Font)              Font shape `T1/ptm/b/it' tried instead on input line 245.


LaTeX Warning: Command \textdegree invalid in math mode on input line 248.

[11] [12]
LaTeX Font Info:    Try loading font information for OMS+ptm on input line 291.

 (D:\Programme\MikTEX\tex\latex\psnfss\omsptm.fd
File: omsptm.fd 
)
LaTeX Font Info:    Font shape `OMS/ptm/m/n' in size <10.95> not available
(Font)              Font shape `OMS/cmsy/m/n' tried instead on input line 291.
 [13] [14] [15]
[16

] [17] [18

] [19] [20

] [21

] [22

]
LaTeX Font Info:    Try loading font information for T1+cmtt on input line 444.


(D:\Programme\MikTEX\tex\latex\base\t1cmtt.fd
File: t1cmtt.fd 2014/09/29 v2.5h Standard LaTeX font definitions
)
Underfull \hbox (badness 1616) in paragraph at lines 444--444
\T1/cmtt/m/n/10.95 %7DSchrepp / publication / 236462743 % 7B % 5C _ %7DSubjekti
ve % 7B % 5C _
 []

[23] [24

]
Package atveryend Info: Empty hook `BeforeClearDocument' on input line 461.
 [25]
Package atveryend Info: Empty hook `AfterLastShipout' on input line 461.
 (PursuitsInVR.aux)
Package atveryend Info: Executing hook `AtVeryEndDocument' on input line 461.
Package atveryend Info: Executing hook `AtEndAfterFileList' on input line 461.
Package rerunfilecheck Info: File `PursuitsInVR.out' has not changed.
(rerunfilecheck)             Checksum: 5DCB106AD847E15BBA218BF1D95DD954;1914.
Package logreq Info: Writing requests to 'PursuitsInVR.run.xml'.
\openout1 = `PursuitsInVR.run.xml'.

Package atveryend Info: Empty hook `AtVeryVeryEnd' on input line 461.
 ) 
Here is how much of TeX's memory you used:
 13304 strings out of 493333
 215705 string characters out of 3142654
 707093 words of memory out of 3000000
 16541 multiletter control sequences out of 15000+200000
 52150 words of font info for 77 fonts, out of 3000000 for 9000
 1145 hyphenation exceptions out of 8191
 44i,11n,47p,1142b,1740s stack positions out of 5000i,500n,10000p,200000b,50000s
 <C:\Users\Carsten F\AppData\Local\MiKTeX\2.9\fonts\pk\ljfour\jknappen\ec\dpi
600\ectt1095.pk>{D:/Programme/MikTEX/fonts/enc/dvips/base/8r.enc}<D:/Programme/
MikTEX/fonts/type1/public/amsfonts/cm/cmex10.pfb><D:/Programme/MikTEX/fonts/typ
e1/public/amsfonts/cm/cmmi10.pfb><D:/Programme/MikTEX/fonts/type1/public/amsfon
ts/cm/cmr10.pfb><D:/Programme/MikTEX/fonts/type1/public/amsfonts/cm/cmsy10.pfb>
<C:/Users/Carsten F/AppData/Roaming/MiKTeX/2.9/fonts/type1/urw/symbol/usyr.pfb>
<D:/Programme/MikTEX/fonts/type1/urw/times/utmb8a.pfb><D:/Programme/MikTEX/font
s/type1/urw/times/utmbi8a.pfb><D:/Programme/MikTEX/fonts/type1/urw/times/utmr8a
.pfb><D:/Programme/MikTEX/fonts/type1/urw/times/utmri8a.pfb>
Output written on PursuitsInVR.pdf (31 pages, 284520 bytes).
PDF statistics:
 458 PDF objects out of 1000 (max. 8388607)
 88 named destinations out of 1000 (max. 500000)
 235 words of extra memory for PDF output out of 10000 (max. 10000000)

