2017-03-31 16:55:33,136+0200 INFO  mkfntmap - running 'initexmf --quiet --update-fndb' to refresh the file name database
2017-03-31 16:55:36,375+0200 INFO  mkfntmap - Parsing config file E:\MA_Oechsner\ViveCalibration_Unity\MikTex\texmfs\install\miktex\config\updmap.cfg...
2017-03-31 16:55:36,378+0200 INFO  mkfntmap - Parsing E:\MA_Oechsner\ViveCalibration_Unity\MikTex\texmfs\install\fonts\map\dvips\tetex\dvips35.map...
2017-03-31 16:55:36,380+0200 INFO  mkfntmap - Parsing E:\MA_Oechsner\ViveCalibration_Unity\MikTex\texmfs\install\fonts\map\dvips\tetex\pdftex35.map...
2017-03-31 16:55:36,382+0200 INFO  mkfntmap - Parsing E:\MA_Oechsner\ViveCalibration_Unity\MikTex\texmfs\install\fonts\map\dvips\tetex\dvipdfm35.map...
2017-03-31 16:55:36,384+0200 INFO  mkfntmap - Parsing E:\MA_Oechsner\ViveCalibration_Unity\MikTex\texmfs\install\fonts\map\dvips\tetex\ps2pk35.map...
2017-03-31 16:55:36,390+0200 INFO  mkfntmap - Parsing E:\MA_Oechsner\ViveCalibration_Unity\MikTex\texmfs\install\fonts\map\dvips\amsfonts\cm.map...
2017-03-31 16:55:36,391+0200 INFO  mkfntmap - Parsing E:\MA_Oechsner\ViveCalibration_Unity\MikTex\texmfs\install\fonts\map\dvips\amsfonts\cmextra.map...
2017-03-31 16:55:36,392+0200 INFO  mkfntmap - Parsing E:\MA_Oechsner\ViveCalibration_Unity\MikTex\texmfs\install\fonts\map\dvips\amsfonts\cyrillic.map...
2017-03-31 16:55:36,394+0200 INFO  mkfntmap - Parsing E:\MA_Oechsner\ViveCalibration_Unity\MikTex\texmfs\install\fonts\map\dvips\amsfonts\euler.map...
2017-03-31 16:55:36,394+0200 INFO  mkfntmap - Parsing E:\MA_Oechsner\ViveCalibration_Unity\MikTex\texmfs\install\dvips\eurosym\eurosym.map...
2017-03-31 16:55:36,396+0200 INFO  mkfntmap - Parsing E:\MA_Oechsner\ViveCalibration_Unity\MikTex\texmfs\install\fonts\map\dvips\amsfonts\latxfont.map...
2017-03-31 16:55:36,398+0200 INFO  mkfntmap - Parsing E:\MA_Oechsner\ViveCalibration_Unity\MikTex\texmfs\install\fonts\map\dvips\mflogo-font\mflogo.map...
2017-03-31 16:55:36,400+0200 INFO  mkfntmap - Parsing E:\MA_Oechsner\ViveCalibration_Unity\MikTex\texmfs\install\fonts\map\dvips\rsfs\rsfs.map...
2017-03-31 16:55:36,401+0200 INFO  mkfntmap - Parsing E:\MA_Oechsner\ViveCalibration_Unity\MikTex\texmfs\install\fonts\map\dvips\amsfonts\symbols.map...
2017-03-31 16:55:36,403+0200 INFO  mkfntmap - Parsing E:\MA_Oechsner\ViveCalibration_Unity\MikTex\texmfs\install\fonts\map\dvips\xypic\xypic.map...
2017-03-31 16:55:36,422+0200 INFO  mkfntmap - Parsing E:\MA_Oechsner\ViveCalibration_Unity\MikTex\texmfs\install\fonts\map\dvips\psnfss\charter.map...
2017-03-31 16:55:36,428+0200 INFO  mkfntmap - Parsing E:\MA_Oechsner\ViveCalibration_Unity\MikTex\texmfs\install\fonts\map\dvips\psnfss\fpls.map...
2017-03-31 16:55:36,436+0200 INFO  mkfntmap - Parsing E:\MA_Oechsner\ViveCalibration_Unity\MikTex\texmfs\install\fonts\map\dvips\lm\lm.map...
2017-03-31 16:55:36,449+0200 INFO  mkfntmap - Parsing E:\MA_Oechsner\ViveCalibration_Unity\MikTex\texmfs\install\fonts\map\dvips\psnfss\pazo.map...
2017-03-31 16:55:36,450+0200 INFO  mkfntmap - Parsing E:\MA_Oechsner\ViveCalibration_Unity\MikTex\texmfs\install\fonts\map\dvips\pslatex\pcrr8rn.map...
2017-03-31 16:55:36,451+0200 INFO  mkfntmap - Parsing E:\MA_Oechsner\ViveCalibration_Unity\MikTex\texmfs\install\fonts\map\dvips\psnfss\psnfss.map...
2017-03-31 16:55:36,459+0200 INFO  mkfntmap - Parsing E:\MA_Oechsner\ViveCalibration_Unity\MikTex\texmfs\install\fonts\map\dvips\avantgar\uag.map...
2017-03-31 16:55:36,460+0200 INFO  mkfntmap - Parsing E:\MA_Oechsner\ViveCalibration_Unity\MikTex\texmfs\install\fonts\map\dvips\bookman\ubk.map...
2017-03-31 16:55:36,461+0200 INFO  mkfntmap - Parsing E:\MA_Oechsner\ViveCalibration_Unity\MikTex\texmfs\install\fonts\map\dvips\courier\ucr.map...
2017-03-31 16:55:36,461+0200 INFO  mkfntmap - Parsing E:\MA_Oechsner\ViveCalibration_Unity\MikTex\texmfs\install\fonts\map\dvips\helvetic\uhv.map...
2017-03-31 16:55:36,462+0200 INFO  mkfntmap - Parsing E:\MA_Oechsner\ViveCalibration_Unity\MikTex\texmfs\install\fonts\map\dvips\ncntrsbk\unc.map...
2017-03-31 16:55:36,463+0200 INFO  mkfntmap - Parsing E:\MA_Oechsner\ViveCalibration_Unity\MikTex\texmfs\install\fonts\map\dvips\palatino\upl.map...
2017-03-31 16:55:36,464+0200 INFO  mkfntmap - Parsing E:\MA_Oechsner\ViveCalibration_Unity\MikTex\texmfs\install\fonts\map\dvips\times\utm.map...
2017-03-31 16:55:36,464+0200 INFO  mkfntmap - Parsing E:\MA_Oechsner\ViveCalibration_Unity\MikTex\texmfs\install\fonts\map\dvips\psnfss\utopia.map...
2017-03-31 16:55:36,464+0200 INFO  mkfntmap - Parsing E:\MA_Oechsner\ViveCalibration_Unity\MikTex\texmfs\install\fonts\map\dvips\zapfchan\uzc.map...
2017-03-31 16:55:36,465+0200 INFO  mkfntmap - Parsing E:\MA_Oechsner\ViveCalibration_Unity\MikTex\texmfs\install\fonts\map\dvips\zapfding\uzd.map...
2017-03-31 16:55:36,469+0200 INFO  mkfntmap - Writing E:\MA_Oechsner\ViveCalibration_Unity\MikTex\texmfs/data\dvips\config\ps2pk.map...
2017-03-31 16:55:36,473+0200 INFO  mkfntmap - Writing E:\MA_Oechsner\ViveCalibration_Unity\MikTex\texmfs/data\dvips\config\download35.map...
2017-03-31 16:55:36,475+0200 INFO  mkfntmap - Writing E:\MA_Oechsner\ViveCalibration_Unity\MikTex\texmfs/data\dvips\config\builtin35.map...
2017-03-31 16:55:36,477+0200 INFO  mkfntmap - Writing E:\MA_Oechsner\ViveCalibration_Unity\MikTex\texmfs/data\dvips\config\psfonts_t1.map...
2017-03-31 16:55:36,480+0200 INFO  mkfntmap - Writing E:\MA_Oechsner\ViveCalibration_Unity\MikTex\texmfs/data\dvips\config\psfonts_pk.map...
2017-03-31 16:55:36,485+0200 INFO  mkfntmap - Writing E:\MA_Oechsner\ViveCalibration_Unity\MikTex\texmfs/data\pdftex\config\pdftex_ndl14.map...
2017-03-31 16:55:36,489+0200 INFO  mkfntmap - Writing E:\MA_Oechsner\ViveCalibration_Unity\MikTex\texmfs/data\pdftex\config\pdftex_dl14.map...
2017-03-31 16:55:36,494+0200 INFO  mkfntmap - Writing E:\MA_Oechsner\ViveCalibration_Unity\MikTex\texmfs/data\dvipdfm\config\dvipdfm_dl14.map...
2017-03-31 16:55:36,499+0200 INFO  mkfntmap - Writing E:\MA_Oechsner\ViveCalibration_Unity\MikTex\texmfs/data\dvipdfm\config\dvipdfm_ndl14.map...
2017-03-31 16:55:36,502+0200 INFO  mkfntmap - Copying E:\MA_Oechsner\ViveCalibration_Unity\MikTex\texmfs/data\dvips\config\psfonts_t1.map
2017-03-31 16:55:36,503+0200 INFO  mkfntmap -      to E:\MA_Oechsner\ViveCalibration_Unity\MikTex\texmfs/data\dvips\config\psfonts.map...
2017-03-31 16:55:36,504+0200 INFO  mkfntmap - Copying E:\MA_Oechsner\ViveCalibration_Unity\MikTex\texmfs/data\dvipdfm\config\dvipdfm_dl14.map
2017-03-31 16:55:36,504+0200 INFO  mkfntmap -      to E:\MA_Oechsner\ViveCalibration_Unity\MikTex\texmfs/data\dvipdfm\config\dvipdfm.map...
2017-03-31 16:55:36,505+0200 INFO  mkfntmap - Copying E:\MA_Oechsner\ViveCalibration_Unity\MikTex\texmfs/data\pdftex\config\pdftex_dl14.map
2017-03-31 16:55:36,505+0200 INFO  mkfntmap -      to E:\MA_Oechsner\ViveCalibration_Unity\MikTex\texmfs/data\pdftex\config\pdftex.map...
2017-03-31 16:55:36,510+0200 INFO  mkfntmap - running: fc-cache 
2017-03-31 17:05:18,831+0200 INFO  mkfntmap - Parsing config file E:\MA_Oechsner\ViveCalibration_Unity\MikTex\texmfs\install\miktex\config\updmap.cfg...
2017-03-31 17:05:18,834+0200 INFO  mkfntmap - Parsing E:\MA_Oechsner\ViveCalibration_Unity\MikTex\texmfs\install\fonts\map\dvips\tetex\dvips35.map...
2017-03-31 17:05:18,835+0200 INFO  mkfntmap - Parsing E:\MA_Oechsner\ViveCalibration_Unity\MikTex\texmfs\install\fonts\map\dvips\tetex\pdftex35.map...
2017-03-31 17:05:18,837+0200 INFO  mkfntmap - Parsing E:\MA_Oechsner\ViveCalibration_Unity\MikTex\texmfs\install\fonts\map\dvips\tetex\dvipdfm35.map...
2017-03-31 17:05:18,839+0200 INFO  mkfntmap - Parsing E:\MA_Oechsner\ViveCalibration_Unity\MikTex\texmfs\install\fonts\map\dvips\tetex\ps2pk35.map...
2017-03-31 17:05:18,845+0200 INFO  mkfntmap - Parsing E:\MA_Oechsner\ViveCalibration_Unity\MikTex\texmfs\install\fonts\map\dvips\amsfonts\cm.map...
2017-03-31 17:05:18,846+0200 INFO  mkfntmap - Parsing E:\MA_Oechsner\ViveCalibration_Unity\MikTex\texmfs\install\fonts\map\dvips\amsfonts\cmextra.map...
2017-03-31 17:05:18,847+0200 INFO  mkfntmap - Parsing E:\MA_Oechsner\ViveCalibration_Unity\MikTex\texmfs\install\fonts\map\dvips\amsfonts\cyrillic.map...
2017-03-31 17:05:18,849+0200 INFO  mkfntmap - Parsing E:\MA_Oechsner\ViveCalibration_Unity\MikTex\texmfs\install\fonts\map\dvips\amsfonts\euler.map...
2017-03-31 17:05:18,849+0200 INFO  mkfntmap - Parsing E:\MA_Oechsner\ViveCalibration_Unity\MikTex\texmfs\install\dvips\eurosym\eurosym.map...
2017-03-31 17:05:18,851+0200 INFO  mkfntmap - Parsing E:\MA_Oechsner\ViveCalibration_Unity\MikTex\texmfs\install\fonts\map\dvips\amsfonts\latxfont.map...
2017-03-31 17:05:18,852+0200 INFO  mkfntmap - Parsing E:\MA_Oechsner\ViveCalibration_Unity\MikTex\texmfs\install\fonts\map\dvips\mflogo-font\mflogo.map...
2017-03-31 17:05:18,854+0200 INFO  mkfntmap - Parsing E:\MA_Oechsner\ViveCalibration_Unity\MikTex\texmfs\install\fonts\map\dvips\rsfs\rsfs.map...
2017-03-31 17:05:18,855+0200 INFO  mkfntmap - Parsing E:\MA_Oechsner\ViveCalibration_Unity\MikTex\texmfs\install\fonts\map\dvips\amsfonts\symbols.map...
2017-03-31 17:05:18,858+0200 INFO  mkfntmap - Parsing E:\MA_Oechsner\ViveCalibration_Unity\MikTex\texmfs\install\fonts\map\dvips\xypic\xypic.map...
2017-03-31 17:05:18,873+0200 INFO  mkfntmap - Parsing E:\MA_Oechsner\ViveCalibration_Unity\MikTex\texmfs\install\fonts\map\dvips\arabi\arabi.map...
2017-03-31 17:05:18,878+0200 INFO  mkfntmap - Parsing E:\MA_Oechsner\ViveCalibration_Unity\MikTex\texmfs\install\fonts\map\dvips\psnfss\charter.map...
2017-03-31 17:05:18,885+0200 INFO  mkfntmap - Parsing E:\MA_Oechsner\ViveCalibration_Unity\MikTex\texmfs\install\fonts\map\dvips\psnfss\fpls.map...
2017-03-31 17:05:18,892+0200 INFO  mkfntmap - Parsing E:\MA_Oechsner\ViveCalibration_Unity\MikTex\texmfs\install\fonts\map\dvips\lm\lm.map...
2017-03-31 17:05:18,904+0200 INFO  mkfntmap - Parsing E:\MA_Oechsner\ViveCalibration_Unity\MikTex\texmfs\install\fonts\map\dvips\psnfss\pazo.map...
2017-03-31 17:05:18,905+0200 INFO  mkfntmap - Parsing E:\MA_Oechsner\ViveCalibration_Unity\MikTex\texmfs\install\fonts\map\dvips\pslatex\pcrr8rn.map...
2017-03-31 17:05:18,907+0200 INFO  mkfntmap - Parsing E:\MA_Oechsner\ViveCalibration_Unity\MikTex\texmfs\install\fonts\map\dvips\psnfss\psnfss.map...
2017-03-31 17:05:18,913+0200 INFO  mkfntmap - Parsing E:\MA_Oechsner\ViveCalibration_Unity\MikTex\texmfs\install\fonts\map\dvips\avantgar\uag.map...
2017-03-31 17:05:18,913+0200 INFO  mkfntmap - Parsing E:\MA_Oechsner\ViveCalibration_Unity\MikTex\texmfs\install\fonts\map\dvips\bookman\ubk.map...
2017-03-31 17:05:18,914+0200 INFO  mkfntmap - Parsing E:\MA_Oechsner\ViveCalibration_Unity\MikTex\texmfs\install\fonts\map\dvips\courier\ucr.map...
2017-03-31 17:05:18,915+0200 INFO  mkfntmap - Parsing E:\MA_Oechsner\ViveCalibration_Unity\MikTex\texmfs\install\fonts\map\dvips\helvetic\uhv.map...
2017-03-31 17:05:18,915+0200 INFO  mkfntmap - Parsing E:\MA_Oechsner\ViveCalibration_Unity\MikTex\texmfs\install\fonts\map\dvips\ncntrsbk\unc.map...
2017-03-31 17:05:18,916+0200 INFO  mkfntmap - Parsing E:\MA_Oechsner\ViveCalibration_Unity\MikTex\texmfs\install\fonts\map\dvips\palatino\upl.map...
2017-03-31 17:05:18,916+0200 INFO  mkfntmap - Parsing E:\MA_Oechsner\ViveCalibration_Unity\MikTex\texmfs\install\fonts\map\dvips\times\utm.map...
2017-03-31 17:05:18,917+0200 INFO  mkfntmap - Parsing E:\MA_Oechsner\ViveCalibration_Unity\MikTex\texmfs\install\fonts\map\dvips\psnfss\utopia.map...
2017-03-31 17:05:18,917+0200 INFO  mkfntmap - Parsing E:\MA_Oechsner\ViveCalibration_Unity\MikTex\texmfs\install\fonts\map\dvips\zapfchan\uzc.map...
2017-03-31 17:05:18,917+0200 INFO  mkfntmap - Parsing E:\MA_Oechsner\ViveCalibration_Unity\MikTex\texmfs\install\fonts\map\dvips\zapfding\uzd.map...
2017-03-31 17:05:18,921+0200 INFO  mkfntmap - Writing E:\MA_Oechsner\ViveCalibration_Unity\MikTex\texmfs/data\dvips\config\ps2pk.map...
2017-03-31 17:05:18,925+0200 INFO  mkfntmap - Writing E:\MA_Oechsner\ViveCalibration_Unity\MikTex\texmfs/data\dvips\config\download35.map...
2017-03-31 17:05:18,926+0200 INFO  mkfntmap - Writing E:\MA_Oechsner\ViveCalibration_Unity\MikTex\texmfs/data\dvips\config\builtin35.map...
2017-03-31 17:05:18,928+0200 INFO  mkfntmap - Writing E:\MA_Oechsner\ViveCalibration_Unity\MikTex\texmfs/data\dvips\config\psfonts_t1.map...
2017-03-31 17:05:18,932+0200 INFO  mkfntmap - Writing E:\MA_Oechsner\ViveCalibration_Unity\MikTex\texmfs/data\dvips\config\psfonts_pk.map...
2017-03-31 17:05:18,936+0200 INFO  mkfntmap - Writing E:\MA_Oechsner\ViveCalibration_Unity\MikTex\texmfs/data\pdftex\config\pdftex_ndl14.map...
2017-03-31 17:05:18,941+0200 INFO  mkfntmap - Writing E:\MA_Oechsner\ViveCalibration_Unity\MikTex\texmfs/data\pdftex\config\pdftex_dl14.map...
2017-03-31 17:05:18,945+0200 INFO  mkfntmap - Writing E:\MA_Oechsner\ViveCalibration_Unity\MikTex\texmfs/data\dvipdfm\config\dvipdfm_dl14.map...
2017-03-31 17:05:18,948+0200 INFO  mkfntmap - Writing E:\MA_Oechsner\ViveCalibration_Unity\MikTex\texmfs/data\dvipdfm\config\dvipdfm_ndl14.map...
2017-03-31 17:05:18,952+0200 INFO  mkfntmap - Copying E:\MA_Oechsner\ViveCalibration_Unity\MikTex\texmfs/data\dvips\config\psfonts_t1.map
2017-03-31 17:05:18,952+0200 INFO  mkfntmap -      to E:\MA_Oechsner\ViveCalibration_Unity\MikTex\texmfs/data\dvips\config\psfonts.map...
2017-03-31 17:05:18,954+0200 INFO  mkfntmap - Copying E:\MA_Oechsner\ViveCalibration_Unity\MikTex\texmfs/data\dvipdfm\config\dvipdfm_dl14.map
2017-03-31 17:05:18,954+0200 INFO  mkfntmap -      to E:\MA_Oechsner\ViveCalibration_Unity\MikTex\texmfs/data\dvipdfm\config\dvipdfm.map...
2017-03-31 17:05:18,955+0200 INFO  mkfntmap - Copying E:\MA_Oechsner\ViveCalibration_Unity\MikTex\texmfs/data\pdftex\config\pdftex_dl14.map
2017-03-31 17:05:18,955+0200 INFO  mkfntmap -      to E:\MA_Oechsner\ViveCalibration_Unity\MikTex\texmfs/data\pdftex\config\pdftex.map...
2017-03-31 17:05:18,960+0200 INFO  mkfntmap - running: fc-cache 
2017-03-31 17:05:36,859+0200 INFO  mkfntmap - Parsing config file E:\MA_Oechsner\ViveCalibration_Unity\MikTex\texmfs\install\miktex\config\updmap.cfg...
2017-03-31 17:05:36,862+0200 INFO  mkfntmap - Parsing E:\MA_Oechsner\ViveCalibration_Unity\MikTex\texmfs\install\fonts\map\dvips\tetex\dvips35.map...
2017-03-31 17:05:36,863+0200 INFO  mkfntmap - Parsing E:\MA_Oechsner\ViveCalibration_Unity\MikTex\texmfs\install\fonts\map\dvips\tetex\pdftex35.map...
2017-03-31 17:05:36,865+0200 INFO  mkfntmap - Parsing E:\MA_Oechsner\ViveCalibration_Unity\MikTex\texmfs\install\fonts\map\dvips\tetex\dvipdfm35.map...
2017-03-31 17:05:36,867+0200 INFO  mkfntmap - Parsing E:\MA_Oechsner\ViveCalibration_Unity\MikTex\texmfs\install\fonts\map\dvips\tetex\ps2pk35.map...
2017-03-31 17:05:36,874+0200 INFO  mkfntmap - Parsing E:\MA_Oechsner\ViveCalibration_Unity\MikTex\texmfs\install\fonts\map\dvips\amsfonts\cm.map...
2017-03-31 17:05:36,874+0200 INFO  mkfntmap - Parsing E:\MA_Oechsner\ViveCalibration_Unity\MikTex\texmfs\install\fonts\map\dvips\amsfonts\cmextra.map...
2017-03-31 17:05:36,875+0200 INFO  mkfntmap - Parsing E:\MA_Oechsner\ViveCalibration_Unity\MikTex\texmfs\install\fonts\map\dvips\amsfonts\cyrillic.map...
2017-03-31 17:05:36,877+0200 INFO  mkfntmap - Parsing E:\MA_Oechsner\ViveCalibration_Unity\MikTex\texmfs\install\fonts\map\dvips\amsfonts\euler.map...
2017-03-31 17:05:36,877+0200 INFO  mkfntmap - Parsing E:\MA_Oechsner\ViveCalibration_Unity\MikTex\texmfs\install\dvips\eurosym\eurosym.map...
2017-03-31 17:05:36,879+0200 INFO  mkfntmap - Parsing E:\MA_Oechsner\ViveCalibration_Unity\MikTex\texmfs\install\fonts\map\dvips\amsfonts\latxfont.map...
2017-03-31 17:05:36,880+0200 INFO  mkfntmap - Parsing E:\MA_Oechsner\ViveCalibration_Unity\MikTex\texmfs\install\fonts\map\dvips\mflogo-font\mflogo.map...
2017-03-31 17:05:36,882+0200 INFO  mkfntmap - Parsing E:\MA_Oechsner\ViveCalibration_Unity\MikTex\texmfs\install\fonts\map\dvips\rsfs\rsfs.map...
2017-03-31 17:05:36,883+0200 INFO  mkfntmap - Parsing E:\MA_Oechsner\ViveCalibration_Unity\MikTex\texmfs\install\fonts\map\dvips\amsfonts\symbols.map...
2017-03-31 17:05:36,886+0200 INFO  mkfntmap - Parsing E:\MA_Oechsner\ViveCalibration_Unity\MikTex\texmfs\install\fonts\map\dvips\xypic\xypic.map...
2017-03-31 17:05:36,901+0200 INFO  mkfntmap - Parsing E:\MA_Oechsner\ViveCalibration_Unity\MikTex\texmfs\install\fonts\map\dvips\arabi\arabi.map...
2017-03-31 17:05:36,906+0200 INFO  mkfntmap - Parsing E:\MA_Oechsner\ViveCalibration_Unity\MikTex\texmfs\install\fonts\map\dvips\psnfss\charter.map...
2017-03-31 17:05:36,913+0200 INFO  mkfntmap - Parsing E:\MA_Oechsner\ViveCalibration_Unity\MikTex\texmfs\install\fonts\map\dvips\psnfss\fpls.map...
2017-03-31 17:05:36,921+0200 INFO  mkfntmap - Parsing E:\MA_Oechsner\ViveCalibration_Unity\MikTex\texmfs\install\fonts\map\dvips\lm\lm.map...
2017-03-31 17:05:36,934+0200 INFO  mkfntmap - Parsing E:\MA_Oechsner\ViveCalibration_Unity\MikTex\texmfs\install\fonts\map\dvips\psnfss\pazo.map...
2017-03-31 17:05:36,934+0200 INFO  mkfntmap - Parsing E:\MA_Oechsner\ViveCalibration_Unity\MikTex\texmfs\install\fonts\map\dvips\pslatex\pcrr8rn.map...
2017-03-31 17:05:36,936+0200 INFO  mkfntmap - Parsing E:\MA_Oechsner\ViveCalibration_Unity\MikTex\texmfs\install\fonts\map\dvips\psnfss\psnfss.map...
2017-03-31 17:05:36,943+0200 INFO  mkfntmap - Parsing E:\MA_Oechsner\ViveCalibration_Unity\MikTex\texmfs\install\fonts\map\dvips\avantgar\uag.map...
2017-03-31 17:05:36,943+0200 INFO  mkfntmap - Parsing E:\MA_Oechsner\ViveCalibration_Unity\MikTex\texmfs\install\fonts\map\dvips\bookman\ubk.map...
2017-03-31 17:05:36,944+0200 INFO  mkfntmap - Parsing E:\MA_Oechsner\ViveCalibration_Unity\MikTex\texmfs\install\fonts\map\dvips\courier\ucr.map...
2017-03-31 17:05:36,944+0200 INFO  mkfntmap - Parsing E:\MA_Oechsner\ViveCalibration_Unity\MikTex\texmfs\install\fonts\map\dvips\helvetic\uhv.map...
2017-03-31 17:05:36,945+0200 INFO  mkfntmap - Parsing E:\MA_Oechsner\ViveCalibration_Unity\MikTex\texmfs\install\fonts\map\dvips\ncntrsbk\unc.map...
2017-03-31 17:05:36,945+0200 INFO  mkfntmap - Parsing E:\MA_Oechsner\ViveCalibration_Unity\MikTex\texmfs\install\fonts\map\dvips\palatino\upl.map...
2017-03-31 17:05:36,946+0200 INFO  mkfntmap - Parsing E:\MA_Oechsner\ViveCalibration_Unity\MikTex\texmfs\install\fonts\map\dvips\times\utm.map...
2017-03-31 17:05:36,946+0200 INFO  mkfntmap - Parsing E:\MA_Oechsner\ViveCalibration_Unity\MikTex\texmfs\install\fonts\map\dvips\psnfss\utopia.map...
2017-03-31 17:05:36,947+0200 INFO  mkfntmap - Parsing E:\MA_Oechsner\ViveCalibration_Unity\MikTex\texmfs\install\fonts\map\dvips\zapfchan\uzc.map...
2017-03-31 17:05:36,947+0200 INFO  mkfntmap - Parsing E:\MA_Oechsner\ViveCalibration_Unity\MikTex\texmfs\install\fonts\map\dvips\zapfding\uzd.map...
2017-03-31 17:05:36,950+0200 INFO  mkfntmap - Writing E:\MA_Oechsner\ViveCalibration_Unity\MikTex\texmfs/data\dvips\config\ps2pk.map...
2017-03-31 17:05:36,954+0200 INFO  mkfntmap - Writing E:\MA_Oechsner\ViveCalibration_Unity\MikTex\texmfs/data\dvips\config\download35.map...
2017-03-31 17:05:36,956+0200 INFO  mkfntmap - Writing E:\MA_Oechsner\ViveCalibration_Unity\MikTex\texmfs/data\dvips\config\builtin35.map...
2017-03-31 17:05:36,958+0200 INFO  mkfntmap - Writing E:\MA_Oechsner\ViveCalibration_Unity\MikTex\texmfs/data\dvips\config\psfonts_t1.map...
2017-03-31 17:05:36,961+0200 INFO  mkfntmap - Writing E:\MA_Oechsner\ViveCalibration_Unity\MikTex\texmfs/data\dvips\config\psfonts_pk.map...
2017-03-31 17:05:36,967+0200 INFO  mkfntmap - Writing E:\MA_Oechsner\ViveCalibration_Unity\MikTex\texmfs/data\pdftex\config\pdftex_ndl14.map...
2017-03-31 17:05:36,971+0200 INFO  mkfntmap - Writing E:\MA_Oechsner\ViveCalibration_Unity\MikTex\texmfs/data\pdftex\config\pdftex_dl14.map...
2017-03-31 17:05:36,975+0200 INFO  mkfntmap - Writing E:\MA_Oechsner\ViveCalibration_Unity\MikTex\texmfs/data\dvipdfm\config\dvipdfm_dl14.map...
2017-03-31 17:05:36,979+0200 INFO  mkfntmap - Writing E:\MA_Oechsner\ViveCalibration_Unity\MikTex\texmfs/data\dvipdfm\config\dvipdfm_ndl14.map...
2017-03-31 17:05:36,983+0200 INFO  mkfntmap - Copying E:\MA_Oechsner\ViveCalibration_Unity\MikTex\texmfs/data\dvips\config\psfonts_t1.map
2017-03-31 17:05:36,983+0200 INFO  mkfntmap -      to E:\MA_Oechsner\ViveCalibration_Unity\MikTex\texmfs/data\dvips\config\psfonts.map...
2017-03-31 17:05:36,984+0200 INFO  mkfntmap - Copying E:\MA_Oechsner\ViveCalibration_Unity\MikTex\texmfs/data\dvipdfm\config\dvipdfm_dl14.map
2017-03-31 17:05:36,984+0200 INFO  mkfntmap -      to E:\MA_Oechsner\ViveCalibration_Unity\MikTex\texmfs/data\dvipdfm\config\dvipdfm.map...
2017-03-31 17:05:36,985+0200 INFO  mkfntmap - Copying E:\MA_Oechsner\ViveCalibration_Unity\MikTex\texmfs/data\pdftex\config\pdftex_dl14.map
2017-03-31 17:05:36,985+0200 INFO  mkfntmap -      to E:\MA_Oechsner\ViveCalibration_Unity\MikTex\texmfs/data\pdftex\config\pdftex.map...
2017-03-31 17:05:36,990+0200 INFO  mkfntmap - running: fc-cache 
2017-03-31 17:06:17,994+0200 INFO  mkfntmap - Parsing config file E:\MA_Oechsner\ViveCalibration_Unity\MikTex\texmfs\install\miktex\config\updmap.cfg...
2017-03-31 17:06:17,997+0200 INFO  mkfntmap - Parsing E:\MA_Oechsner\ViveCalibration_Unity\MikTex\texmfs\install\fonts\map\dvips\tetex\dvips35.map...
2017-03-31 17:06:17,999+0200 INFO  mkfntmap - Parsing E:\MA_Oechsner\ViveCalibration_Unity\MikTex\texmfs\install\fonts\map\dvips\tetex\pdftex35.map...
2017-03-31 17:06:18,001+0200 INFO  mkfntmap - Parsing E:\MA_Oechsner\ViveCalibration_Unity\MikTex\texmfs\install\fonts\map\dvips\tetex\dvipdfm35.map...
2017-03-31 17:06:18,004+0200 INFO  mkfntmap - Parsing E:\MA_Oechsner\ViveCalibration_Unity\MikTex\texmfs\install\fonts\map\dvips\tetex\ps2pk35.map...
2017-03-31 17:06:18,011+0200 INFO  mkfntmap - Parsing E:\MA_Oechsner\ViveCalibration_Unity\MikTex\texmfs\install\fonts\map\dvips\amsfonts\cm.map...
2017-03-31 17:06:18,012+0200 INFO  mkfntmap - Parsing E:\MA_Oechsner\ViveCalibration_Unity\MikTex\texmfs\install\fonts\map\dvips\amsfonts\cmextra.map...
2017-03-31 17:06:18,013+0200 INFO  mkfntmap - Parsing E:\MA_Oechsner\ViveCalibration_Unity\MikTex\texmfs\install\fonts\map\dvips\amsfonts\cyrillic.map...
2017-03-31 17:06:18,015+0200 INFO  mkfntmap - Parsing E:\MA_Oechsner\ViveCalibration_Unity\MikTex\texmfs\install\fonts\map\dvips\amsfonts\euler.map...
2017-03-31 17:06:18,015+0200 INFO  mkfntmap - Parsing E:\MA_Oechsner\ViveCalibration_Unity\MikTex\texmfs\install\dvips\eurosym\eurosym.map...
2017-03-31 17:06:18,017+0200 INFO  mkfntmap - Parsing E:\MA_Oechsner\ViveCalibration_Unity\MikTex\texmfs\install\fonts\map\dvips\amsfonts\latxfont.map...
2017-03-31 17:06:18,018+0200 INFO  mkfntmap - Parsing E:\MA_Oechsner\ViveCalibration_Unity\MikTex\texmfs\install\fonts\map\dvips\mflogo-font\mflogo.map...
2017-03-31 17:06:18,020+0200 INFO  mkfntmap - Parsing E:\MA_Oechsner\ViveCalibration_Unity\MikTex\texmfs\install\fonts\map\dvips\rsfs\rsfs.map...
2017-03-31 17:06:18,023+0200 INFO  mkfntmap - Parsing E:\MA_Oechsner\ViveCalibration_Unity\MikTex\texmfs\install\fonts\map\dvips\amsfonts\symbols.map...
2017-03-31 17:06:18,026+0200 INFO  mkfntmap - Parsing E:\MA_Oechsner\ViveCalibration_Unity\MikTex\texmfs\install\fonts\map\dvips\xypic\xypic.map...
2017-03-31 17:06:18,043+0200 INFO  mkfntmap - Parsing E:\MA_Oechsner\ViveCalibration_Unity\MikTex\texmfs\install\fonts\map\dvips\arabi\arabi.map...
2017-03-31 17:06:18,048+0200 INFO  mkfntmap - Parsing E:\MA_Oechsner\ViveCalibration_Unity\MikTex\texmfs\install\fonts\map\dvips\psnfss\charter.map...
2017-03-31 17:06:18,055+0200 INFO  mkfntmap - Parsing E:\MA_Oechsner\ViveCalibration_Unity\MikTex\texmfs\install\fonts\map\dvips\psnfss\fpls.map...
2017-03-31 17:06:18,063+0200 INFO  mkfntmap - Parsing E:\MA_Oechsner\ViveCalibration_Unity\MikTex\texmfs\install\fonts\map\dvips\lm\lm.map...
2017-03-31 17:06:18,076+0200 INFO  mkfntmap - Parsing E:\MA_Oechsner\ViveCalibration_Unity\MikTex\texmfs\install\fonts\map\dvips\psnfss\pazo.map...
2017-03-31 17:06:18,077+0200 INFO  mkfntmap - Parsing E:\MA_Oechsner\ViveCalibration_Unity\MikTex\texmfs\install\fonts\map\dvips\pslatex\pcrr8rn.map...
2017-03-31 17:06:18,079+0200 INFO  mkfntmap - Parsing E:\MA_Oechsner\ViveCalibration_Unity\MikTex\texmfs\install\fonts\map\dvips\psnfss\psnfss.map...
2017-03-31 17:06:18,085+0200 INFO  mkfntmap - Parsing E:\MA_Oechsner\ViveCalibration_Unity\MikTex\texmfs\install\fonts\map\dvips\avantgar\uag.map...
2017-03-31 17:06:18,086+0200 INFO  mkfntmap - Parsing E:\MA_Oechsner\ViveCalibration_Unity\MikTex\texmfs\install\fonts\map\dvips\bookman\ubk.map...
2017-03-31 17:06:18,086+0200 INFO  mkfntmap - Parsing E:\MA_Oechsner\ViveCalibration_Unity\MikTex\texmfs\install\fonts\map\dvips\courier\ucr.map...
2017-03-31 17:06:18,087+0200 INFO  mkfntmap - Parsing E:\MA_Oechsner\ViveCalibration_Unity\MikTex\texmfs\install\fonts\map\dvips\helvetic\uhv.map...
2017-03-31 17:06:18,087+0200 INFO  mkfntmap - Parsing E:\MA_Oechsner\ViveCalibration_Unity\MikTex\texmfs\install\fonts\map\dvips\ncntrsbk\unc.map...
2017-03-31 17:06:18,088+0200 INFO  mkfntmap - Parsing E:\MA_Oechsner\ViveCalibration_Unity\MikTex\texmfs\install\fonts\map\dvips\palatino\upl.map...
2017-03-31 17:06:18,089+0200 INFO  mkfntmap - Parsing E:\MA_Oechsner\ViveCalibration_Unity\MikTex\texmfs\install\fonts\map\dvips\times\utm.map...
2017-03-31 17:06:18,089+0200 INFO  mkfntmap - Parsing E:\MA_Oechsner\ViveCalibration_Unity\MikTex\texmfs\install\fonts\map\dvips\psnfss\utopia.map...
2017-03-31 17:06:18,090+0200 INFO  mkfntmap - Parsing E:\MA_Oechsner\ViveCalibration_Unity\MikTex\texmfs\install\fonts\map\dvips\zapfchan\uzc.map...
2017-03-31 17:06:18,090+0200 INFO  mkfntmap - Parsing E:\MA_Oechsner\ViveCalibration_Unity\MikTex\texmfs\install\fonts\map\dvips\zapfding\uzd.map...
2017-03-31 17:06:18,093+0200 INFO  mkfntmap - Writing E:\MA_Oechsner\ViveCalibration_Unity\MikTex\texmfs/data\dvips\config\ps2pk.map...
2017-03-31 17:06:18,098+0200 INFO  mkfntmap - Writing E:\MA_Oechsner\ViveCalibration_Unity\MikTex\texmfs/data\dvips\config\download35.map...
2017-03-31 17:06:18,099+0200 INFO  mkfntmap - Writing E:\MA_Oechsner\ViveCalibration_Unity\MikTex\texmfs/data\dvips\config\builtin35.map...
2017-03-31 17:06:18,101+0200 INFO  mkfntmap - Writing E:\MA_Oechsner\ViveCalibration_Unity\MikTex\texmfs/data\dvips\config\psfonts_t1.map...
2017-03-31 17:06:18,105+0200 INFO  mkfntmap - Writing E:\MA_Oechsner\ViveCalibration_Unity\MikTex\texmfs/data\dvips\config\psfonts_pk.map...
2017-03-31 17:06:18,110+0200 INFO  mkfntmap - Writing E:\MA_Oechsner\ViveCalibration_Unity\MikTex\texmfs/data\pdftex\config\pdftex_ndl14.map...
2017-03-31 17:06:18,113+0200 INFO  mkfntmap - Writing E:\MA_Oechsner\ViveCalibration_Unity\MikTex\texmfs/data\pdftex\config\pdftex_dl14.map...
2017-03-31 17:06:18,117+0200 INFO  mkfntmap - Writing E:\MA_Oechsner\ViveCalibration_Unity\MikTex\texmfs/data\dvipdfm\config\dvipdfm_dl14.map...
2017-03-31 17:06:18,121+0200 INFO  mkfntmap - Writing E:\MA_Oechsner\ViveCalibration_Unity\MikTex\texmfs/data\dvipdfm\config\dvipdfm_ndl14.map...
2017-03-31 17:06:18,125+0200 INFO  mkfntmap - Copying E:\MA_Oechsner\ViveCalibration_Unity\MikTex\texmfs/data\dvips\config\psfonts_t1.map
2017-03-31 17:06:18,125+0200 INFO  mkfntmap -      to E:\MA_Oechsner\ViveCalibration_Unity\MikTex\texmfs/data\dvips\config\psfonts.map...
2017-03-31 17:06:18,127+0200 INFO  mkfntmap - Copying E:\MA_Oechsner\ViveCalibration_Unity\MikTex\texmfs/data\dvipdfm\config\dvipdfm_dl14.map
2017-03-31 17:06:18,127+0200 INFO  mkfntmap -      to E:\MA_Oechsner\ViveCalibration_Unity\MikTex\texmfs/data\dvipdfm\config\dvipdfm.map...
2017-03-31 17:06:18,128+0200 INFO  mkfntmap - Copying E:\MA_Oechsner\ViveCalibration_Unity\MikTex\texmfs/data\pdftex\config\pdftex_dl14.map
2017-03-31 17:06:18,128+0200 INFO  mkfntmap -      to E:\MA_Oechsner\ViveCalibration_Unity\MikTex\texmfs/data\pdftex\config\pdftex.map...
2017-03-31 17:06:18,132+0200 INFO  mkfntmap - running: fc-cache 
2017-03-31 17:06:50,559+0200 INFO  mkfntmap - Parsing config file E:\MA_Oechsner\ViveCalibration_Unity\MikTex\texmfs\install\miktex\config\updmap.cfg...
2017-03-31 17:06:50,562+0200 INFO  mkfntmap - Parsing E:\MA_Oechsner\ViveCalibration_Unity\MikTex\texmfs\install\fonts\map\dvips\tetex\dvips35.map...
2017-03-31 17:06:50,563+0200 INFO  mkfntmap - Parsing E:\MA_Oechsner\ViveCalibration_Unity\MikTex\texmfs\install\fonts\map\dvips\tetex\pdftex35.map...
2017-03-31 17:06:50,565+0200 INFO  mkfntmap - Parsing E:\MA_Oechsner\ViveCalibration_Unity\MikTex\texmfs\install\fonts\map\dvips\tetex\dvipdfm35.map...
2017-03-31 17:06:50,567+0200 INFO  mkfntmap - Parsing E:\MA_Oechsner\ViveCalibration_Unity\MikTex\texmfs\install\fonts\map\dvips\tetex\ps2pk35.map...
2017-03-31 17:06:50,573+0200 INFO  mkfntmap - Parsing E:\MA_Oechsner\ViveCalibration_Unity\MikTex\texmfs\install\fonts\map\dvips\amsfonts\cm.map...
2017-03-31 17:06:50,574+0200 INFO  mkfntmap - Parsing E:\MA_Oechsner\ViveCalibration_Unity\MikTex\texmfs\install\fonts\map\dvips\amsfonts\cmextra.map...
2017-03-31 17:06:50,575+0200 INFO  mkfntmap - Parsing E:\MA_Oechsner\ViveCalibration_Unity\MikTex\texmfs\install\fonts\map\dvips\amsfonts\cyrillic.map...
2017-03-31 17:06:50,577+0200 INFO  mkfntmap - Parsing E:\MA_Oechsner\ViveCalibration_Unity\MikTex\texmfs\install\fonts\map\dvips\amsfonts\euler.map...
2017-03-31 17:06:50,577+0200 INFO  mkfntmap - Parsing E:\MA_Oechsner\ViveCalibration_Unity\MikTex\texmfs\install\dvips\eurosym\eurosym.map...
2017-03-31 17:06:50,579+0200 INFO  mkfntmap - Parsing E:\MA_Oechsner\ViveCalibration_Unity\MikTex\texmfs\install\fonts\map\dvips\amsfonts\latxfont.map...
2017-03-31 17:06:50,580+0200 INFO  mkfntmap - Parsing E:\MA_Oechsner\ViveCalibration_Unity\MikTex\texmfs\install\fonts\map\dvips\mflogo-font\mflogo.map...
2017-03-31 17:06:50,582+0200 INFO  mkfntmap - Parsing E:\MA_Oechsner\ViveCalibration_Unity\MikTex\texmfs\install\fonts\map\dvips\rsfs\rsfs.map...
2017-03-31 17:06:50,584+0200 INFO  mkfntmap - Parsing E:\MA_Oechsner\ViveCalibration_Unity\MikTex\texmfs\install\fonts\map\dvips\amsfonts\symbols.map...
2017-03-31 17:06:50,586+0200 INFO  mkfntmap - Parsing E:\MA_Oechsner\ViveCalibration_Unity\MikTex\texmfs\install\fonts\map\dvips\xypic\xypic.map...
2017-03-31 17:06:50,601+0200 INFO  mkfntmap - Parsing E:\MA_Oechsner\ViveCalibration_Unity\MikTex\texmfs\install\fonts\map\dvips\arabi\arabi.map...
2017-03-31 17:06:50,605+0200 INFO  mkfntmap - Parsing E:\MA_Oechsner\ViveCalibration_Unity\MikTex\texmfs\install\fonts\map\dvips\psnfss\charter.map...
2017-03-31 17:06:50,612+0200 INFO  mkfntmap - Parsing E:\MA_Oechsner\ViveCalibration_Unity\MikTex\texmfs\install\fonts\map\dvips\psnfss\fpls.map...
2017-03-31 17:06:50,620+0200 INFO  mkfntmap - Parsing E:\MA_Oechsner\ViveCalibration_Unity\MikTex\texmfs\install\fonts\map\dvips\lm\lm.map...
2017-03-31 17:06:50,633+0200 INFO  mkfntmap - Parsing E:\MA_Oechsner\ViveCalibration_Unity\MikTex\texmfs\install\fonts\map\dvips\psnfss\pazo.map...
2017-03-31 17:06:50,633+0200 INFO  mkfntmap - Parsing E:\MA_Oechsner\ViveCalibration_Unity\MikTex\texmfs\install\fonts\map\dvips\pslatex\pcrr8rn.map...
2017-03-31 17:06:50,635+0200 INFO  mkfntmap - Parsing E:\MA_Oechsner\ViveCalibration_Unity\MikTex\texmfs\install\fonts\map\dvips\psnfss\psnfss.map...
2017-03-31 17:06:50,641+0200 INFO  mkfntmap - Parsing E:\MA_Oechsner\ViveCalibration_Unity\MikTex\texmfs\install\fonts\map\dvips\avantgar\uag.map...
2017-03-31 17:06:50,641+0200 INFO  mkfntmap - Parsing E:\MA_Oechsner\ViveCalibration_Unity\MikTex\texmfs\install\fonts\map\dvips\bookman\ubk.map...
2017-03-31 17:06:50,642+0200 INFO  mkfntmap - Parsing E:\MA_Oechsner\ViveCalibration_Unity\MikTex\texmfs\install\fonts\map\dvips\courier\ucr.map...
2017-03-31 17:06:50,642+0200 INFO  mkfntmap - Parsing E:\MA_Oechsner\ViveCalibration_Unity\MikTex\texmfs\install\fonts\map\dvips\helvetic\uhv.map...
2017-03-31 17:06:50,643+0200 INFO  mkfntmap - Parsing E:\MA_Oechsner\ViveCalibration_Unity\MikTex\texmfs\install\fonts\map\dvips\ncntrsbk\unc.map...
2017-03-31 17:06:50,643+0200 INFO  mkfntmap - Parsing E:\MA_Oechsner\ViveCalibration_Unity\MikTex\texmfs\install\fonts\map\dvips\palatino\upl.map...
2017-03-31 17:06:50,644+0200 INFO  mkfntmap - Parsing E:\MA_Oechsner\ViveCalibration_Unity\MikTex\texmfs\install\fonts\map\dvips\times\utm.map...
2017-03-31 17:06:50,644+0200 INFO  mkfntmap - Parsing E:\MA_Oechsner\ViveCalibration_Unity\MikTex\texmfs\install\fonts\map\dvips\psnfss\utopia.map...
2017-03-31 17:06:50,645+0200 INFO  mkfntmap - Parsing E:\MA_Oechsner\ViveCalibration_Unity\MikTex\texmfs\install\fonts\map\dvips\zapfchan\uzc.map...
2017-03-31 17:06:50,645+0200 INFO  mkfntmap - Parsing E:\MA_Oechsner\ViveCalibration_Unity\MikTex\texmfs\install\fonts\map\dvips\zapfding\uzd.map...
2017-03-31 17:06:50,648+0200 INFO  mkfntmap - Writing E:\MA_Oechsner\ViveCalibration_Unity\MikTex\texmfs/data\dvips\config\ps2pk.map...
2017-03-31 17:06:50,653+0200 INFO  mkfntmap - Writing E:\MA_Oechsner\ViveCalibration_Unity\MikTex\texmfs/data\dvips\config\download35.map...
2017-03-31 17:06:50,654+0200 INFO  mkfntmap - Writing E:\MA_Oechsner\ViveCalibration_Unity\MikTex\texmfs/data\dvips\config\builtin35.map...
2017-03-31 17:06:50,656+0200 INFO  mkfntmap - Writing E:\MA_Oechsner\ViveCalibration_Unity\MikTex\texmfs/data\dvips\config\psfonts_t1.map...
2017-03-31 17:06:50,660+0200 INFO  mkfntmap - Writing E:\MA_Oechsner\ViveCalibration_Unity\MikTex\texmfs/data\dvips\config\psfonts_pk.map...
2017-03-31 17:06:50,665+0200 INFO  mkfntmap - Writing E:\MA_Oechsner\ViveCalibration_Unity\MikTex\texmfs/data\pdftex\config\pdftex_ndl14.map...
2017-03-31 17:06:50,668+0200 INFO  mkfntmap - Writing E:\MA_Oechsner\ViveCalibration_Unity\MikTex\texmfs/data\pdftex\config\pdftex_dl14.map...
2017-03-31 17:06:50,672+0200 INFO  mkfntmap - Writing E:\MA_Oechsner\ViveCalibration_Unity\MikTex\texmfs/data\dvipdfm\config\dvipdfm_dl14.map...
2017-03-31 17:06:50,676+0200 INFO  mkfntmap - Writing E:\MA_Oechsner\ViveCalibration_Unity\MikTex\texmfs/data\dvipdfm\config\dvipdfm_ndl14.map...
2017-03-31 17:06:50,679+0200 INFO  mkfntmap - Copying E:\MA_Oechsner\ViveCalibration_Unity\MikTex\texmfs/data\dvips\config\psfonts_t1.map
2017-03-31 17:06:50,680+0200 INFO  mkfntmap -      to E:\MA_Oechsner\ViveCalibration_Unity\MikTex\texmfs/data\dvips\config\psfonts.map...
2017-03-31 17:06:50,681+0200 INFO  mkfntmap - Copying E:\MA_Oechsner\ViveCalibration_Unity\MikTex\texmfs/data\dvipdfm\config\dvipdfm_dl14.map
2017-03-31 17:06:50,681+0200 INFO  mkfntmap -      to E:\MA_Oechsner\ViveCalibration_Unity\MikTex\texmfs/data\dvipdfm\config\dvipdfm.map...
2017-03-31 17:06:50,683+0200 INFO  mkfntmap - Copying E:\MA_Oechsner\ViveCalibration_Unity\MikTex\texmfs/data\pdftex\config\pdftex_dl14.map
2017-03-31 17:06:50,683+0200 INFO  mkfntmap -      to E:\MA_Oechsner\ViveCalibration_Unity\MikTex\texmfs/data\pdftex\config\pdftex.map...
2017-03-31 17:06:50,688+0200 INFO  mkfntmap - running: fc-cache 
